<?xml version="1.0" encoding="UTF-8"?>
<testsuite name="cita" tests="1" skipped="0" failures="1" errors="0" timestamp="2023-05-30T14:50:40" hostname="ALEJODAD" time="27.275">
  <properties/>
  <testcase name="agendar cita medica" classname="cita" time="27.275">
    <failure message="java.lang.ClassCastException: java.lang.String cannot be cast to [Ljava.lang.CharSequence;" type="java.lang.ClassCastException">java.lang.ClassCastException: java.lang.String cannot be cast to [Ljava.lang.CharSequence;
	at task.Login.performAs(Login.java:24)
	at task.Login$ByteBuddy$DUBlbnrK.performAs$accessor$QYlB0P6q(Unknown Source)
	at sun.reflect.NativeMethodAccessorImpl.invoke0(Native Method)
	at sun.reflect.NativeMethodAccessorImpl.invoke(NativeMethodAccessorImpl.java:62)
	at sun.reflect.DelegatingMethodAccessorImpl.invoke(DelegatingMethodAccessorImpl.java:43)
	at java.lang.reflect.Method.invoke(Method.java:498)
	at net.thucydides.core.steps.StepInterceptor.invokeMethod(StepInterceptor.java:488)
	at net.thucydides.core.steps.StepInterceptor.executeTestStepMethod(StepInterceptor.java:468)
	at net.thucydides.core.steps.StepInterceptor.runTestStep(StepInterceptor.java:441)
	at net.thucydides.core.steps.StepInterceptor.runOrSkipMethod(StepInterceptor.java:197)
	at net.thucydides.core.steps.StepInterceptor.testStepResult(StepInterceptor.java:184)
	at net.thucydides.core.steps.StepInterceptor.intercept(StepInterceptor.java:77)
	at net.thucydides.core.steps.ProxyConfiguration$InterceptorDispatcher.intercept(ProxyConfiguration.java:51)
	at task.Login$ByteBuddy$DUBlbnrK.performAs(Unknown Source)
	at net.serenitybdd.screenplay.Actor.performTask(Actor.java:248)
	at net.serenitybdd.screenplay.Actor.perform(Actor.java:229)
	at net.serenitybdd.screenplay.Actor.attemptsTo(Actor.java:175)
	at net.serenitybdd.screenplay.Actor.wasAbleTo(Actor.java:162)
	at stepdefinitions.citaStepDefinitions.usuario_esta_en_pagina_principal(citaStepDefinitions.java:51)
	at ✽.Usuario esta en pagina principal(file:///C:/proyectosIDE/ClinicaTest/src/test/resources/features/cita.feature:4)
</failure>
  </testcase>
  <system-out><![CDATA[]]></system-out>
  <system-err><![CDATA[may 30, 2023 9:50:40 AM org.openqa.selenium.remote.DesiredCapabilities chrome
INFORMACIÓN: Using `new ChromeOptions()` is preferred to `DesiredCapabilities.chrome()`
Starting ChromeDriver 112.0.5615.49 (bd2a7bcb881c11e8cfe3078709382934e3916914-refs/branch-heads/5615@{#936}) on port 11987
Only local connections are allowed.
Please see https://chromedriver.chromium.org/security-considerations for suggestions on keeping ChromeDriver safe.
ChromeDriver was started successfully.
[1685458243.454][WARNING]: This version of ChromeDriver has not been tested with Chrome version 113.
may 30, 2023 9:50:43 AM org.openqa.selenium.remote.ProtocolHandshake createSession
INFORMACIÓN: Detected dialect: W3C
]]></system-err>
</testsuite>
